Creating C:/Users/Matthieu/Desktop/Lilith/Robert/Eagle filesLinux_board.va.net netlist file.
Parsing parts and listing device files...
Parsing parts and listing net records...
Parsing parts and creating device files...
Creating C:/Users/Matthieu/Desktop/Lilith/Robert/Eagle filesBATT-2032-BATT-2032.txt device file (from Eagle BATT-2032 device / dp_devices library).
Creating C:/Users/Matthieu/Desktop/Lilith/Robert/Eagle filesCAP0603-CAP-15p.txt device file (from Eagle CAP0603-CAP device / SparkFun library).
Creating C:/Users/Matthieu/Desktop/Lilith/Robert/Eagle filesCAP0603-CAP-15p.txt device file (from Eagle CAP0603-CAP device / SparkFun library).
Creating C:/Users/Matthieu/Desktop/Lilith/Robert/Eagle filesCAP0603-CAP-100n.txt device file (from Eagle CAP0603-CAP device / SparkFun library).
Creating C:/Users/Matthieu/Desktop/Lilith/Robert/Eagle filesCAP0603-CAP-47p.txt device file (from Eagle CAP0603-CAP device / SparkFun library).
Creating C:/Users/Matthieu/Desktop/Lilith/Robert/Eagle filesCAP0603-CAP-47p.txt device file (from Eagle CAP0603-CAP device / SparkFun library).
Creating C:/Users/Matthieu/Desktop/Lilith/Robert/Eagle filesCAP0603-CAP-0_1u.txt device file (from Eagle CAP0603-CAP device / SparkFun library).
Creating C:/Users/Matthieu/Desktop/Lilith/Robert/Eagle filesCAP0603-CAP-0_1u.txt device file (from Eagle CAP0603-CAP device / SparkFun library).
Creating C:/Users/Matthieu/Desktop/Lilith/Robert/Eagle filesCAP0603-CAP-10p.txt device file (from Eagle CAP0603-CAP device / SparkFun library).
Creating C:/Users/Matthieu/Desktop/Lilith/Robert/Eagle filesCAP0603-CAP-10p.txt device file (from Eagle CAP0603-CAP device / SparkFun library).
Creating C:/Users/Matthieu/Desktop/Lilith/Robert/Eagle filesCAP0603-CAP-10p.txt device file (from Eagle CAP0603-CAP device / SparkFun library).
Creating C:/Users/Matthieu/Desktop/Lilith/Robert/Eagle filesCAP0603-CAP-10p.txt device file (from Eagle CAP0603-CAP device / SparkFun library).
Creating C:/Users/Matthieu/Desktop/Lilith/Robert/Eagle filesC-EUC0603-0_1uF.txt device file (from Eagle C-EUC0603 device / rcl library).
Creating C:/Users/Matthieu/Desktop/Lilith/Robert/Eagle filesCAP0603-CAP-0_1u.txt device file (from Eagle CAP0603-CAP device / SparkFun library).
Creating C:/Users/Matthieu/Desktop/Lilith/Robert/Eagle filesCAP0603-CAP-0_1u.txt device file (from Eagle CAP0603-CAP device / SparkFun library).
Creating C:/Users/Matthieu/Desktop/Lilith/Robert/Eagle filesCAP0603-CAP-0_1u.txt device file (from Eagle CAP0603-CAP device / SparkFun library).
Creating C:/Users/Matthieu/Desktop/Lilith/Robert/Eagle filesCAP0603-CAP-0_1u.txt device file (from Eagle CAP0603-CAP device / SparkFun library).
Creating C:/Users/Matthieu/Desktop/Lilith/Robert/Eagle filesCAP0603-CAP-0_1u.txt device file (from Eagle CAP0603-CAP device / SparkFun library).
Creating C:/Users/Matthieu/Desktop/Lilith/Robert/Eagle filesCAP0603-CAP-0_1u.txt device file (from Eagle CAP0603-CAP device / SparkFun library).
Creating C:/Users/Matthieu/Desktop/Lilith/Robert/Eagle filesCAP0603-CAP-0_1u.txt device file (from Eagle CAP0603-CAP device / SparkFun library).
Creating C:/Users/Matthieu/Desktop/Lilith/Robert/Eagle filesCAP0603-CAP-0_1u.txt device file (from Eagle CAP0603-CAP device / SparkFun library).
Creating C:/Users/Matthieu/Desktop/Lilith/Robert/Eagle filesCAP0603-CAP-0_1u.txt device file (from Eagle CAP0603-CAP device / SparkFun library).
Creating C:/Users/Matthieu/Desktop/Lilith/Robert/Eagle filesCAP0603-CAP-0_1u.txt device file (from Eagle CAP0603-CAP device / SparkFun library).
Creating C:/Users/Matthieu/Desktop/Lilith/Robert/Eagle filesCAP0603-CAP-0_1u.txt device file (from Eagle CAP0603-CAP device / SparkFun library).
Creating C:/Users/Matthieu/Desktop/Lilith/Robert/Eagle filesCAP0603-CAP-0_1u.txt device file (from Eagle CAP0603-CAP device / SparkFun library).
Creating C:/Users/Matthieu/Desktop/Lilith/Robert/Eagle filesCAP0603-CAP-0_1u.txt device file (from Eagle CAP0603-CAP device / SparkFun library).
Creating C:/Users/Matthieu/Desktop/Lilith/Robert/Eagle filesC-EUC0603-22uF.txt device file (from Eagle C-EUC0603 device / rcl library).
Creating C:/Users/Matthieu/Desktop/Lilith/Robert/Eagle filesCAP0603-CAP-0_1u.txt device file (from Eagle CAP0603-CAP device / SparkFun library).
Creating C:/Users/Matthieu/Desktop/Lilith/Robert/Eagle filesCAP0603-CAP-0_1u.txt device file (from Eagle CAP0603-CAP device / SparkFun library).
Creating C:/Users/Matthieu/Desktop/Lilith/Robert/Eagle filesCAP0603-CAP-0_1u.txt device file (from Eagle CAP0603-CAP device / SparkFun library).
Creating C:/Users/Matthieu/Desktop/Lilith/Robert/Eagle filesCAP0603-CAP-1n.txt device file (from Eagle CAP0603-CAP device / SparkFun library).
Creating C:/Users/Matthieu/Desktop/Lilith/Robert/Eagle filesCAP0603-CAP-10n.txt device file (from Eagle CAP0603-CAP device / SparkFun library).
Creating C:/Users/Matthieu/Desktop/Lilith/Robert/Eagle filesCAPC603-0_1.txt device file (from Eagle CAPC603 device / dp_devices library).
Creating C:/Users/Matthieu/Desktop/Lilith/Robert/Eagle filesCAP_POLSMC_B-220.txt device file (from Eagle CAP_POLSMC_B device / dp_devices library).
Creating C:/Users/Matthieu/Desktop/Lilith/Robert/Eagle filesCAP0603-CAP-dnp.txt device file (from Eagle CAP0603-CAP device / SparkFun library).
Creating C:/Users/Matthieu/Desktop/Lilith/Robert/Eagle filesCAP0603-CAP-0_1u.txt device file (from Eagle CAP0603-CAP device / SparkFun library).
Creating C:/Users/Matthieu/Desktop/Lilith/Robert/Eagle filesC-EUC0603-0_1uF.txt device file (from Eagle C-EUC0603 device / rcl library).
Creating C:/Users/Matthieu/Desktop/Lilith/Robert/Eagle filesCAP0603-CAP-0_1u.txt device file (from Eagle CAP0603-CAP device / SparkFun library).
Creating C:/Users/Matthieu/Desktop/Lilith/Robert/Eagle filesCAP_POLCASE_A-.txt device file (from Eagle CAP_POLCASE_A device / dp_devices library).
Creating C:/Users/Matthieu/Desktop/Lilith/Robert/Eagle filesCAP_POLSMC_B-.txt device file (from Eagle CAP_POLSMC_B device / dp_devices library).
Creating C:/Users/Matthieu/Desktop/Lilith/Robert/Eagle filesCAP0603-CAP-0_1u.txt device file (from Eagle CAP0603-CAP device / SparkFun library).
Creating C:/Users/Matthieu/Desktop/Lilith/Robert/Eagle filesCAPC603-1.txt device file (from Eagle CAPC603 device / dp_devices library).
Creating C:/Users/Matthieu/Desktop/Lilith/Robert/Eagle filesCAP_POLSMC_B-10u.txt device file (from Eagle CAP_POLSMC_B device / dp_devices library).
Creating C:/Users/Matthieu/Desktop/Lilith/Robert/Eagle filesCAPC603-100n.txt device file (from Eagle CAPC603 device / dp_devices library).
Creating C:/Users/Matthieu/Desktop/Lilith/Robert/Eagle filesCAP0603-CAP-0_1u.txt device file (from Eagle CAP0603-CAP device / SparkFun library).
Creating C:/Users/Matthieu/Desktop/Lilith/Robert/Eagle filesCAP0603-CAP-0_1u.txt device file (from Eagle CAP0603-CAP device / SparkFun library).
Creating C:/Users/Matthieu/Desktop/Lilith/Robert/Eagle filesCAP0603-CAP-0_1u.txt device file (from Eagle CAP0603-CAP device / SparkFun library).
Creating C:/Users/Matthieu/Desktop/Lilith/Robert/Eagle filesCAP0603-CAP-0_1u.txt device file (from Eagle CAP0603-CAP device / SparkFun library).
Creating C:/Users/Matthieu/Desktop/Lilith/Robert/Eagle filesCAP0603-CAP-0_1u.txt device file (from Eagle CAP0603-CAP device / SparkFun library).
Creating C:/Users/Matthieu/Desktop/Lilith/Robert/Eagle filesCAP0603-CAP-0_1u.txt device file (from Eagle CAP0603-CAP device / SparkFun library).
Creating C:/Users/Matthieu/Desktop/Lilith/Robert/Eagle filesCAP0603-CAP-0_1u.txt device file (from Eagle CAP0603-CAP device / SparkFun library).
Creating C:/Users/Matthieu/Desktop/Lilith/Robert/Eagle filesCAP0603-CAP-0_1u.txt device file (from Eagle CAP0603-CAP device / SparkFun library).
Creating C:/Users/Matthieu/Desktop/Lilith/Robert/Eagle filesC-EUC0603-22uF.txt device file (from Eagle C-EUC0603 device / rcl library).
Creating C:/Users/Matthieu/Desktop/Lilith/Robert/Eagle filesCAP0603-CAP-0_1u.txt device file (from Eagle CAP0603-CAP device / SparkFun library).
Creating C:/Users/Matthieu/Desktop/Lilith/Robert/Eagle filesC-EUC0603-0_1uF.txt device file (from Eagle C-EUC0603 device / rcl library).
Creating C:/Users/Matthieu/Desktop/Lilith/Robert/Eagle filesC-EUC0603-0_1uF.txt device file (from Eagle C-EUC0603 device / rcl library).
Creating C:/Users/Matthieu/Desktop/Lilith/Robert/Eagle filesC-EUC0603-0_1uF.txt device file (from Eagle C-EUC0603 device / rcl library).
Creating C:/Users/Matthieu/Desktop/Lilith/Robert/Eagle filesC-EUC0603-22uF.txt device file (from Eagle C-EUC0603 device / rcl library).
Creating C:/Users/Matthieu/Desktop/Lilith/Robert/Eagle filesC-EUC0603-0_1uF.txt device file (from Eagle C-EUC0603 device / rcl library).
Creating C:/Users/Matthieu/Desktop/Lilith/Robert/Eagle filesC-EUC0603-10uF.txt device file (from Eagle C-EUC0603 device / rcl library).
Creating C:/Users/Matthieu/Desktop/Lilith/Robert/Eagle filesC-EUC0603-100p.txt device file (from Eagle C-EUC0603 device / rcl library).
Creating C:/Users/Matthieu/Desktop/Lilith/Robert/Eagle filesCAP0603-CAP-0_1u.txt device file (from Eagle CAP0603-CAP device / SparkFun library).
Creating C:/Users/Matthieu/Desktop/Lilith/Robert/Eagle filesCAP0603-CAP-0_1u.txt device file (from Eagle CAP0603-CAP device / SparkFun library).
Creating C:/Users/Matthieu/Desktop/Lilith/Robert/Eagle filesC-EUC0603-0_1uF.txt device file (from Eagle C-EUC0603 device / rcl library).
Creating C:/Users/Matthieu/Desktop/Lilith/Robert/Eagle filesC-EUC0603-0_1uF.txt device file (from Eagle C-EUC0603 device / rcl library).
Creating C:/Users/Matthieu/Desktop/Lilith/Robert/Eagle filesSCHOTTKY-DIODESMD-.txt device file (from Eagle SCHOTTKY-DIODESMD device / diode library).
Creating C:/Users/Matthieu/Desktop/Lilith/Robert/Eagle filesSCHOTTKY-DIODESMD-.txt device file (from Eagle SCHOTTKY-DIODESMD device / diode library).
Creating C:/Users/Matthieu/Desktop/Lilith/Robert/Eagle filesPTC0603-PTC0603.txt device file (from Eagle PTC0603 device / SparkFun library).
Creating C:/Users/Matthieu/Desktop/Lilith/Robert/Eagle filesLM2596S-lm2596.txt device file (from Eagle LM2596S device / linear library).
Creating C:/Users/Matthieu/Desktop/Lilith/Robert/Eagle filesMT48LC64M4A2-MT48LC64M4A2.txt device file (from Eagle MT48LC64M4A2 device / memory-micron library).
Creating C:/Users/Matthieu/Desktop/Lilith/Robert/Eagle filesMCP1252-ADJ-MCP1252-ADJ.txt device file (from Eagle MCP1252-ADJ device / microchip-dspic library).
Creating C:/Users/Matthieu/Desktop/Lilith/Robert/Eagle filesHR911105A-HR911105A.txt device file (from Eagle HR911105A device / CONNECTER library).
Creating C:/Users/Matthieu/Desktop/Lilith/Robert/Eagle filesSTAND-OFF-STAND-OFF.txt device file (from Eagle STAND-OFF device / SparkFun library).
Creating C:/Users/Matthieu/Desktop/Lilith/Robert/Eagle filesSTAND-OFF-STAND-OFF.txt device file (from Eagle STAND-OFF device / SparkFun library).
Creating C:/Users/Matthieu/Desktop/Lilith/Robert/Eagle filesSTAND-OFF-STAND-OFF.txt device file (from Eagle STAND-OFF device / SparkFun library).
Creating C:/Users/Matthieu/Desktop/Lilith/Robert/Eagle filesSTAND-OFF-STAND-OFF.txt device file (from Eagle STAND-OFF device / SparkFun library).
Creating C:/Users/Matthieu/Desktop/Lilith/Robert/Eagle filesWE-KIL_0805-.txt device file (from Eagle WE-KIL_0805 device / wuerth-elektronik library).
Creating C:/Users/Matthieu/Desktop/Lilith/Robert/Eagle filesWE-KIL_0805-.txt device file (from Eagle WE-KIL_0805 device / wuerth-elektronik library).
Creating C:/Users/Matthieu/Desktop/Lilith/Robert/Eagle filesWE-KIL_0805-.txt device file (from Eagle WE-KIL_0805 device / wuerth-elektronik library).
Creating C:/Users/Matthieu/Desktop/Lilith/Robert/Eagle filesWE-KIL_0805-.txt device file (from Eagle WE-KIL_0805 device / wuerth-elektronik library).
Creating C:/Users/Matthieu/Desktop/Lilith/Robert/Eagle filesLEDCHIPLED_0805-.txt device file (from Eagle LEDCHIPLED_0805 device / led library).
Creating C:/Users/Matthieu/Desktop/Lilith/Robert/Eagle filesLEDCHIPLED_0805-.txt device file (from Eagle LEDCHIPLED_0805 device / led library).
Creating C:/Users/Matthieu/Desktop/Lilith/Robert/Eagle filesLEDCHIPLED_0805-.txt device file (from Eagle LEDCHIPLED_0805 device / led library).
Creating C:/Users/Matthieu/Desktop/Lilith/Robert/Eagle filesLEDCHIPLED_0805-.txt device file (from Eagle LEDCHIPLED_0805 device / led library).
Creating C:/Users/Matthieu/Desktop/Lilith/Robert/Eagle filesCRYSTALTC26H-32768.txt device file (from Eagle CRYSTALTC26H device / crystal library).
Creating C:/Users/Matthieu/Desktop/Lilith/Robert/Eagle filesBSS123-BSS123.txt device file (from Eagle BSS123 device / transistor-small-signal library).
Creating C:/Users/Matthieu/Desktop/Lilith/Robert/Eagle filesR-US_R0603-39.txt device file (from Eagle R-US_R0603 device / resistor library).
Creating C:/Users/Matthieu/Desktop/Lilith/Robert/Eagle filesR-US_R0603-39.txt device file (from Eagle R-US_R0603 device / resistor library).
Creating C:/Users/Matthieu/Desktop/Lilith/Robert/Eagle filesR-US_R0603-39.txt device file (from Eagle R-US_R0603 device / resistor library).
Creating C:/Users/Matthieu/Desktop/Lilith/Robert/Eagle filesR-US_R0603-39.txt device file (from Eagle R-US_R0603 device / resistor library).
Creating C:/Users/Matthieu/Desktop/Lilith/Robert/Eagle filesR-EU_R0603-1K1.txt device file (from Eagle R-EU_R0603 device / rcl library).
Creating C:/Users/Matthieu/Desktop/Lilith/Robert/Eagle filesR-US_R0603-100k.txt device file (from Eagle R-US_R0603 device / resistor library).
Creating C:/Users/Matthieu/Desktop/Lilith/Robert/Eagle filesR-EU_R0603-1K1.txt device file (from Eagle R-EU_R0603 device / rcl library).
Creating C:/Users/Matthieu/Desktop/Lilith/Robert/Eagle filesR-US_R0603-100k.txt device file (from Eagle R-US_R0603 device / resistor library).
Creating C:/Users/Matthieu/Desktop/Lilith/Robert/Eagle filesR-US_R0603-15k.txt device file (from Eagle R-US_R0603 device / resistor library).
Creating C:/Users/Matthieu/Desktop/Lilith/Robert/Eagle filesR-US_R0603-15k.txt device file (from Eagle R-US_R0603 device / resistor library).
Creating C:/Users/Matthieu/Desktop/Lilith/Robert/Eagle filesR-US_R0603-10k.txt device file (from Eagle R-US_R0603 device / resistor library).
Creating C:/Users/Matthieu/Desktop/Lilith/Robert/Eagle filesR-EU_R0603-49R9_1_.txt device file (from Eagle R-EU_R0603 device / rcl library).
Creating C:/Users/Matthieu/Desktop/Lilith/Robert/Eagle filesR-US_R0603-27k.txt device file (from Eagle R-US_R0603 device / resistor library).
Creating C:/Users/Matthieu/Desktop/Lilith/Robert/Eagle filesR-US_R0603-47k.txt device file (from Eagle R-US_R0603 device / resistor library).
Creating C:/Users/Matthieu/Desktop/Lilith/Robert/Eagle filesR-US_R0603-100k.txt device file (from Eagle R-US_R0603 device / resistor library).
Creating C:/Users/Matthieu/Desktop/Lilith/Robert/Eagle filesR-US_R0603-1k.txt device file (from Eagle R-US_R0603 device / resistor library).
Creating C:/Users/Matthieu/Desktop/Lilith/Robert/Eagle filesR-US_R0603-6_49k.txt device file (from Eagle R-US_R0603 device / resistor library).
Creating C:/Users/Matthieu/Desktop/Lilith/Robert/Eagle filesR-US_R0603-1k.txt device file (from Eagle R-US_R0603 device / resistor library).
Creating C:/Users/Matthieu/Desktop/Lilith/Robert/Eagle filesR-US_R0603-1k.txt device file (from Eagle R-US_R0603 device / resistor library).
Creating C:/Users/Matthieu/Desktop/Lilith/Robert/Eagle filesR-US_R0603-100k.txt device file (from Eagle R-US_R0603 device / resistor library).
Creating C:/Users/Matthieu/Desktop/Lilith/Robert/Eagle filesR-US_R0603-1k.txt device file (from Eagle R-US_R0603 device / resistor library).
Creating C:/Users/Matthieu/Desktop/Lilith/Robert/Eagle filesR-US_R0603-100k.txt device file (from Eagle R-US_R0603 device / resistor library).
Creating C:/Users/Matthieu/Desktop/Lilith/Robert/Eagle filesR-US_R0603-1k.txt device file (from Eagle R-US_R0603 device / resistor library).
Creating C:/Users/Matthieu/Desktop/Lilith/Robert/Eagle filesR-US_R0603-1k.txt device file (from Eagle R-US_R0603 device / resistor library).
Creating C:/Users/Matthieu/Desktop/Lilith/Robert/Eagle filesR-EU_R0603-49R9_1_.txt device file (from Eagle R-EU_R0603 device / rcl library).
Creating C:/Users/Matthieu/Desktop/Lilith/Robert/Eagle filesR-US_R0603-1k.txt device file (from Eagle R-US_R0603 device / resistor library).
Creating C:/Users/Matthieu/Desktop/Lilith/Robert/Eagle filesR-EU_R0603-49R9_1_.txt device file (from Eagle R-EU_R0603 device / rcl library).
Creating C:/Users/Matthieu/Desktop/Lilith/Robert/Eagle filesR-US_R0603-dnp.txt device file (from Eagle R-US_R0603 device / resistor library).
Creating C:/Users/Matthieu/Desktop/Lilith/Robert/Eagle filesR-EU_R0603-49R9_1_.txt device file (from Eagle R-EU_R0603 device / rcl library).
Creating C:/Users/Matthieu/Desktop/Lilith/Robert/Eagle filesR-US_R0603-100k.txt device file (from Eagle R-US_R0603 device / resistor library).
Creating C:/Users/Matthieu/Desktop/Lilith/Robert/Eagle filesR-US_R0603-10k.txt device file (from Eagle R-US_R0603 device / resistor library).
Creating C:/Users/Matthieu/Desktop/Lilith/Robert/Eagle filesR-US_R0603-dnp.txt device file (from Eagle R-US_R0603 device / resistor library).
Creating C:/Users/Matthieu/Desktop/Lilith/Robert/Eagle filesR-US_R0603-15k.txt device file (from Eagle R-US_R0603 device / resistor library).
Creating C:/Users/Matthieu/Desktop/Lilith/Robert/Eagle filesR-US_R0603-7_4k.txt device file (from Eagle R-US_R0603 device / resistor library).
Creating C:/Users/Matthieu/Desktop/Lilith/Robert/Eagle filesR-US_R0603-100k.txt device file (from Eagle R-US_R0603 device / resistor library).
Creating C:/Users/Matthieu/Desktop/Lilith/Robert/Eagle filesR-EU_R0603-1K1.txt device file (from Eagle R-EU_R0603 device / rcl library).
Creating C:/Users/Matthieu/Desktop/Lilith/Robert/Eagle filesR-EU_R0603-1K1.txt device file (from Eagle R-EU_R0603 device / rcl library).
Creating C:/Users/Matthieu/Desktop/Lilith/Robert/Eagle filesRNETWORK-100k.txt device file (from Eagle RNETWORK device / dp_devices library).
Creating C:/Users/Matthieu/Desktop/Lilith/Robert/Eagle filesSOLDERJUMPERNO-SOLDERJUMPERNO.txt device file (from Eagle SOLDERJUMPERNO device / SparkFun library).
Creating C:/Users/Matthieu/Desktop/Lilith/Robert/Eagle filesSOLDERJUMPERNO-SOLDERJUMPERNO.txt device file (from Eagle SOLDERJUMPERNO device / SparkFun library).
Creating C:/Users/Matthieu/Desktop/Lilith/Robert/Eagle filesLEDCHIPLED_0805-.txt device file (from Eagle LEDCHIPLED_0805 device / led library).
Creating C:/Users/Matthieu/Desktop/Lilith/Robert/Eagle filesMA07-2-jtag.txt device file (from Eagle MA07-2 device / con-lstb library).
Creating C:/Users/Matthieu/Desktop/Lilith/Robert/Eagle filesSW-SMD-SMALL-reset.txt device file (from Eagle SW-SMD-SMALL device / dp_devices library).
Creating C:/Users/Matthieu/Desktop/Lilith/Robert/Eagle filesKSZ8041TL-KSZ8041TL.txt device file (from Eagle KSZ8041TL device / micrelphy library).
Creating C:/Users/Matthieu/Desktop/Lilith/Robert/Eagle filesPOWER_JACKSMD-POWER_JACKSMD.txt device file (from Eagle POWER_JACKSMD device / SparkFun-3-2-07 library).
Creating C:/Users/Matthieu/Desktop/Lilith/Robert/Eagle filesINDUCTORPWR-.txt device file (from Eagle INDUCTORPWR device / SparkFun library).
Creating C:/Users/Matthieu/Desktop/Lilith/Robert/Eagle filesAT45DB01XA-AT45DB01XA.txt device file (from Eagle AT45DB01XA device / memory-atmel library).
Creating C:/Users/Matthieu/Desktop/Lilith/Robert/Eagle filesAT91SAM9260B-QU-AT91SAM9260B-QU.txt device file (from Eagle AT91SAM9260B-QU device / atmel-arm library).
Creating C:/Users/Matthieu/Desktop/Lilith/Robert/Eagle filesMICROSD-MICROSD.txt device file (from Eagle MICROSD device / Seeed library).
Creating C:/Users/Matthieu/Desktop/Lilith/Robert/Eagle filesMIC5205-1_8.txt device file (from Eagle MIC5205 device / dp_devices library).
Creating C:/Users/Matthieu/Desktop/Lilith/Robert/Eagle filesLD1117-3_3SOT223-5_0.txt device file (from Eagle LD1117-3.3SOT223 device / dp_devices library).
Creating C:/Users/Matthieu/Desktop/Lilith/Robert/Eagle filesSW-SMD-SMALL-.txt device file (from Eagle SW-SMD-SMALL device / dp_devices library).
Creating C:/Users/Matthieu/Desktop/Lilith/Robert/Eagle filesUSB-MB-S-USB-MB-S.txt device file (from Eagle USB-MB-S device / con-usb library).
Creating C:/Users/Matthieu/Desktop/Lilith/Robert/Eagle filesUSB-A-H-USB-A-H.txt device file (from Eagle USB-A-H device / con-usb library).
Creating C:/Users/Matthieu/Desktop/Lilith/Robert/Eagle filesOSC-XTAL28M_-OSC-XTAL28M_.txt device file (from Eagle OSC-XTAL28M_ device / dp_devices library).
Creating C:/Users/Matthieu/Desktop/Lilith/Robert/Eagle files2530--2530-.txt device file (from Eagle 2530- device / con-3m library).
End.
