--------------------------------------------------------------------------------
Symbol and Schematic Translator for PADS Logic 
Release: PADS 9.3
GBS Install Id: 17460
Copyright (C) 2010 Mentor Graphics Corp.
Translation start: 08/12/2011 22:20:13
Input file: C:\Users\Matthieu\Desktop\Lilith\Robert\Altium files\Linux_board.va_1.dxp.SchDoc
File type: (3,1) Protel for Windows - Schematic Capture Binary File Version 5.0
[E] Multiple packages are used for part: Part FRAME1, Package 'FRAME_A_L-69'
[E] Multiple packages are used for part: Part IC2, Package 'MT48LC64M4A2-107'
[E] Multiple packages are used for part: Part RN2, Package 'RNETWORK-179'
[E] Multiple packages are used for part: Part RN2, Package 'RNETWORK-180'
[E] Multiple packages are used for part: Part RN2, Package 'RNETWORK-181'
[E] Multiple packages are used for part: Part X4, Package '2530--207'
[E] Multiple packages are used for part: Part X4, Package '2530--208'
[E] Multiple packages are used for part: Part X4, Package '2530--209'
[E] Multiple packages are used for part: Part X4, Package '2530--210'
[E] Multiple packages are used for part: Part X4, Package '2530--211'
[E] Multiple packages are used for part: Part X4, Package '2530--212'
[E] Multiple packages are used for part: Part X4, Package '2530--213'
[E] Multiple packages are used for part: Part X4, Package '2530--214'
[E] Multiple packages are used for part: Part X4, Package '2530--215'
[E] Multiple packages are used for part: Part X4, Package '2530--216'
[E] Multiple packages are used for part: Part X4, Package '2530--217'
[E] Multiple packages are used for part: Part X4, Package '2530--218'
[E] Multiple packages are used for part: Part X4, Package '2530--219'
[E] Multiple packages are used for part: Part X4, Package '2530--220'
[E] Multiple packages are used for part: Part X4, Package '2530--221'
[E] Multiple packages are used for part: Part X4, Package '2530--222'
[E] Multiple packages are used for part: Part X4, Package '2530--223'
[E] Multiple packages are used for part: Part X4, Package '2530--224'
[E] Multiple packages are used for part: Part X4, Package '2530--225'
[E] Multiple packages are used for part: Part X4, Package '2530--226'
[E] Multiple packages are used for part: Part X4, Package '2530--227'
[E] Multiple packages are used for part: Part X4, Package '2530--228'
[E] Multiple packages are used for part: Part X4, Package '2530--229'
[E] Multiple packages are used for part: Part X4, Package '2530--230'
[E] Multiple packages are used for part: Part X4, Package '2530--231'
[E] Multiple packages are used for part: Part X4, Package '2530--232'
[E] Multiple packages are used for part: Part X4, Package '2530--233'
[E] Multiple packages are used for part: Part X4, Package '2530--234'
[E] Multiple packages are used for part: Part X4, Package '2530--235'
Output path: C:\Users\Matthieu\Desktop\Lilith\Robert\PADS files\Linux_board.va_1.dxp.sch
[W] Symbol has no shape: FRAME_A_LB
[W] Symbol has no shape: STAND-OFF
[E] Duplicated part: FRAME1 on sheet 'LINUX_BOARD_VA_1_DXP'
[E] Duplicated part: IC2 on sheet 'LINUX_BOARD_VA_1_DXP'
[E] Duplicated part: RN2 on sheet 'LINUX_BOARD_VA_1_DXP'
[E] Duplicated part: RN2 on sheet 'LINUX_BOARD_VA_1_DXP'
[E] Duplicated part: RN2 on sheet 'LINUX_BOARD_VA_1_DXP'
[E] Duplicated part: X4 on sheet 'LINUX_BOARD_VA_1_DXP'
[E] Duplicated part: X4 on sheet 'LINUX_BOARD_VA_1_DXP'
[E] Duplicated part: X4 on sheet 'LINUX_BOARD_VA_1_DXP'
[E] Duplicated part: X4 on sheet 'LINUX_BOARD_VA_1_DXP'
[E] Duplicated part: X4 on sheet 'LINUX_BOARD_VA_1_DXP'
[E] Duplicated part: X4 on sheet 'LINUX_BOARD_VA_1_DXP'
[E] Duplicated part: X4 on sheet 'LINUX_BOARD_VA_1_DXP'
[E] Duplicated part: X4 on sheet 'LINUX_BOARD_VA_1_DXP'
[E] Duplicated part: X4 on sheet 'LINUX_BOARD_VA_1_DXP'
[E] Duplicated part: X4 on sheet 'LINUX_BOARD_VA_1_DXP'
[E] Duplicated part: X4 on sheet 'LINUX_BOARD_VA_1_DXP'
[E] Duplicated part: X4 on sheet 'LINUX_BOARD_VA_1_DXP'
[E] Duplicated part: X4 on sheet 'LINUX_BOARD_VA_1_DXP'
[E] Duplicated part: X4 on sheet 'LINUX_BOARD_VA_1_DXP'
[E] Duplicated part: X4 on sheet 'LINUX_BOARD_VA_1_DXP'
[E] Duplicated part: X4 on sheet 'LINUX_BOARD_VA_1_DXP'
[E] Duplicated part: X4 on sheet 'LINUX_BOARD_VA_1_DXP'
[E] Duplicated part: X4 on sheet 'LINUX_BOARD_VA_1_DXP'
[E] Duplicated part: X4 on sheet 'LINUX_BOARD_VA_1_DXP'
[E] Duplicated part: X4 on sheet 'LINUX_BOARD_VA_1_DXP'
[E] Duplicated part: X4 on sheet 'LINUX_BOARD_VA_1_DXP'
[E] Duplicated part: X4 on sheet 'LINUX_BOARD_VA_1_DXP'
[E] Duplicated part: X4 on sheet 'LINUX_BOARD_VA_1_DXP'
[E] Duplicated part: X4 on sheet 'LINUX_BOARD_VA_1_DXP'
[E] Duplicated part: X4 on sheet 'LINUX_BOARD_VA_1_DXP'
[E] Duplicated part: X4 on sheet 'LINUX_BOARD_VA_1_DXP'
[E] Duplicated part: X4 on sheet 'LINUX_BOARD_VA_1_DXP'
[E] Duplicated part: X4 on sheet 'LINUX_BOARD_VA_1_DXP'
[E] Duplicated part: X4 on sheet 'LINUX_BOARD_VA_1_DXP'
[W] Auto-generated name assigned to unnamed Bus: '$$$494' on sheet 'Linux_board.va_1.dxp'
[W] Renamed or converted to uppercase illegal net name: '1.8V' to '1_8V'
[W] Renamed or converted to uppercase illegal net name: '1.8V' to '1_8V'
[W] Renamed or converted to uppercase illegal net name: '1.8V' to '1_8V'
[W] Renamed or converted to uppercase illegal net name: '3.3V' to '3_3V'
[W] Renamed or converted to uppercase illegal net name: '3.3V' to '3_3V'
[W] Renamed or converted to uppercase illegal net name: '3.3V' to '3_3V'
[W] Renamed or converted to uppercase illegal net name: '3.3V' to '3_3V'
[W] Renamed or converted to uppercase illegal net name: '3.3V' to '3_3V'
[W] Renamed or converted to uppercase illegal net name: '3.3V' to '3_3V'
[W] Renamed or converted to uppercase illegal net name: '3.3V' to '3_3V'
[W] Renamed or converted to uppercase illegal net name: '3.3V' to '3_3V'
[W] Renamed or converted to uppercase illegal net name: '3.3V' to '3_3V'
[W] Renamed or converted to uppercase illegal net name: '3.3V' to '3_3V'
[W] Renamed or converted to uppercase illegal net name: '3.3V' to '3_3V'
[W] Renamed or converted to uppercase illegal net name: '3.3V' to '3_3V'
[W] Renamed or converted to uppercase illegal net name: '3.3V' to '3_3V'
[W] Renamed or converted to uppercase illegal net name: '3.3V' to '3_3V'
[W] Renamed or converted to uppercase illegal net name: '3.3V' to '3_3V'
[W] Renamed or converted to uppercase illegal net name: '3.3V' to '3_3V'
[W] Renamed or converted to uppercase illegal net name: '3.3V' to '3_3V'
[O] Created 933 symbol(s) and 1 schematic sheet(s)
68 error(s) and 23 warning(s) found
Finished on 08/12/2011 at 22:20:15.
--------------------------------------------------------------------------------
Total: 23 warning(s), 68 error(s)
